-----------------------------------------------------------------------[ info ]
16.07.2018 23:16 [INFO] - Modified by：NLObP email:gigastep@yandex.ru
16.07.2018 23:16 [INFO] - This software is for learning communication only and must not be used for any public activity
16.07.2018 23:16 [INFO]  - ArcheAge Emu - version number 2.0, Build 6769.26454
16.07.2018 23:16 [INFO]  - Main: Running On .NET Framework (C#) Version 4.0.30319
16.07.2018 23:16 [INFO] - Allocated Memory = 11 MB
16.07.2018 23:16 [INFO] - If you want to stop the service, please press Ctrl+C
---------------------------------------------------------[ network connection ]
16.07.2018 23:16 [INFO] - Connection server, installation data...
16.07.2018 23:16 [INFO] - Send: 10 00 00 00 01 D7 04 31 32 37 2E 30 2E 30 2E 31 00 00 
16.07.2018 23:16 [INFO]  - Installed ClientConnection at 127.0.0.1:1239
16.07.2018 23:16 [INFO]  - ArcheAge starts 0,00 seconds.
16.07.2018 23:16 [INFO] - Recv: 03 00 00 00 01 
16.07.2018 23:16 [INFO] - Successfully installed login server
16.07.2018 23:17 [INFO] - Recv: 29 00 01 00 01 00 00 00 00 00 00 00 01 01 61 61 74 65 73 74 00 57 C2 61 16 69 6A BD A4 64 01 00 00 31 32 37 2E 30 2E 30 2E 31 00 
16.07.2018 23:17 [INFO] - Prepare login account: <<1>>;
16.07.2018 23:17 [INFO]  - Account <<aatest>>, Session(cookie) <<375505495>>: Authorized
16.07.2018 23:17 [INFO]  - Client 127.0.0.1: connection
16.07.2018 23:17 [INFO] - Recv: 28 00 00 01 00 00 00 00 1C 05 00 00 1C 05 00 00 01 00 00 00 00 00 00 00 57 C2 61 16 FF FF FF FF 00 07 E8 04 00 00 00 00 00 00 
16.07.2018 23:17 [INFO] - Send: 29 01 DD 05 76 76 46 16 E6 B6 87 EE 09 C7 BD 72 64 5C B8 75 FB 71 41 11 E2 FE 7D AD DD F7 C2 97 62 33 00 D4 A4 98 99 2C 4E D0 4C A8 59 9D 5B 42 51 92 D5 E1 D2 39 7A 85 33 0E 2B D7 A8 BE 7C EA A2 8C 61 AD 1D AD 09 41 FA 5F AD D2 9D 5D C6 83 BB D4 76 F9 DD 08 D9 F2 6B 4F DA 38 63 EB 73 AA 93 F1 CA A7 48 B4 EA 8A E5 1F E5 94 BB 5D B1 01 9B B3 4D C3 BF DF E2 F8 39 21 07 74 15 5B 4E EE 45 F8 CF E6 49 68 D3 B0 94 68 10 59 5A 88 D7 07 D5 23 14 2C CA FA 5F 9A 31 E8 46 D3 9B DB 59 F3 AE 94 E2 1F B9 96 66 37 07 D7 A7 77 40 10 E0 B0 81 51 21 F1 C1 92 62 32 02 D2 A3 73 43 13 E3 B4 84 54 24 F4 C5 95 65 35 05 D6 A6 76 46 16 E7 B7 87 57 27 FE D0 A0 70 40 11 E1 B1 81 51 22 F2 C2 92 62 33 03 D3 A3 74 44 14 E4 B4 85 55 25 F5 C5 96 66 36 06 D6 A7 77 47 17 E7 B0 80 50 20 F0 C1 91 61 31 01 D2 A2 72 42 12 E3 B3 83 53 23 F4 C4 94 64 34 05 D5 A5 75 45 16 E6 B6 86 57 27 F7 C7 97 70 41 10 E1 10 F5 E6 EB 4F A0 
16.07.2018 23:17 [INFO] - Send: 08 00 DD 02 00 00 00 00 00 00 
16.07.2018 23:17 [INFO] - Recv: 08 00 00 02 01 00 00 00 00 00 
16.07.2018 23:17 [INFO] - Send: 08 00 DD 02 00 00 01 00 00 00 
16.07.2018 23:17 [INFO] - Send: 14 00 DD 05 C3 E7 E3 86 56 27 F6 CF 97 08 72 65 89 9F E9 24 21 74 
16.07.2018 23:17 [INFO] - Send: 1F 00 DD 02 0F 00 10 00 6F 5F 77 68 61 6C 65 5F 73 6F 6E 67 5F 62 61 79 00 00 00 00 00 00 00 00 01 
16.07.2018 23:17 [INFO] - Send: 50 00 DD 05 6E 20 F4 C2 82 62 52 71 B0 CB 11 25 73 81 D3 E4 38 40 DB A6 F9 0B 2C 06 A9 90 43 48 6E EF CD 4B 67 45 F3 1F 35 E7 09 01 D0 44 1D 85 AB 78 EE 82 53 22 F4 C4 94 64 34 05 D5 A5 75 45 17 E7 B7 87 56 27 F7 C7 97 70 40 10 E0 B1 11 50 81 B0 
16.07.2018 23:17 [INFO] - Send: A9 00 DD 05 DE 93 65 30 FF E3 A1 19 35 65 92 C1 B8 7D 0D 80 A6 E0 10 5A 6B BA 8A 10 36 74 83 C1 AB 3C 48 82 A3 F1 14 56 73 BE C8 19 6E 64 92 D9 EE 3F 46 90 AC F7 11 1C 72 A0 CA 05 2A 7B E3 DC F0 20 54 87 FF BA 4A 54 77 B5 CE 13 27 71 82 99 E3 25 46 98 A4 8E 19 2E 65 84 D6 F3 30 56 9B AD FC 4C 47 71 BA CC 1A 23 75 89 D1 F6 7B 55 87 AC E0 49 55 69 BB CA 12 35 74 82 9F F0 25 52 93 A9 F0 12 54 2E B1 D0 17 26 7B 97 C0 AC 23 56 86 A7 FC 05 47 60 B6 D7 10 21 7F 92 C5 AB 31 4B 98 B0 B9 11 23 64 89 DF EF 51 E7 17 47 
16.07.2018 23:17 [INFO] - Send: 2A 00 DD 05 B9 65 6B 03 D2 A2 72 42 12 E3 B3 83 53 23 F4 C4 94 64 34 05 B5 F1 75 45 16 E6 B6 86 57 27 F7 C7 97 70 40 10 E0 B0 81 51 
16.07.2018 23:17 [INFO] - Send: 77 00 DD 05 F9 97 B5 30 00 EE A3 72 42 12 E2 B4 84 55 24 F4 C5 95 64 35 05 D7 A6 76 46 16 E7 B7 87 57 67 BE D0 A0 70 40 11 E1 B1 81 51 22 F2 C2 92 62 33 03 D3 A3 74 44 14 E4 B4 85 55 25 F5 C5 96 66 36 06 D6 A7 77 47 17 E7 B0 80 50 20 F0 C1 91 61 31 01 D2 A2 72 42 12 E3 B3 83 53 23 F4 C4 94 65 34 0A C6 A5 75 45 66 A4 B3 86 57 27 F7 C7 81 34 8D DC AC 8F 8B 99 F2 
16.07.2018 23:17 [INFO] - Send: 09 00 DD 05 BF B6 7E 50 10 41 70 
16.07.2018 23:17 [INFO] - Send: 1C 00 DD 05 48 63 A2 07 D5 AF 75 45 16 E6 B9 89 58 27 F7 C8 97 70 40 10 E0 B0 81 5E C4 F4 
16.07.2018 23:17 [INFO] - Send: 0E 00 DD 05 84 2F 7E C7 97 70 40 10 E0 B0 81 51 
16.07.2018 23:17 [INFO] - Send: 09 00 DD 05 2C B9 0D 53 11 42 70 
16.07.2018 23:17 [INFO] - Send: 0E 00 DD 05 4E 2D B8 C5 97 70 40 10 E0 B0 81 51 
16.07.2018 23:17 [INFO] - Send: 23 00 DD 05 00 E8 2E 82 52 23 F4 C4 94 64 34 05 D5 A5 75 45 16 E6 B6 86 57 27 F7 C7 97 70 40 10 E0 B0 81 51 42 
16.07.2018 23:17 [INFO] - Send: 0A 00 DD 05 81 7C 58 12 E0 B0 81 51 
16.07.2018 23:17 [INFO] - Recv: 12 00 00 01 FB E4 CB 00 00 10 FF 38 00 9E 98 02 00 00 00 00 23 00 00 01 7C 0D CD 00 01 10 00 F1 5B B3 70 3D 69 6B 35 9C 0E CB FC AC 27 50 08 08 00 78 32 75 69 2F 68 75 64 0F 00 00 01 7C 0D CD 00 03 4C 00 00 00 00 00 00 00 0B 00 00 01 7C 0D CD 00 04 00 00 00 00 
16.07.2018 23:17 [INFO] - Recv: 08 00 00 02 01 00 01 00 00 00 
16.07.2018 23:17 [INFO] - Send: 08 00 DD 02 00 00 02 00 00 00 
16.07.2018 23:17 [INFO] - Recv: 0C 01 00 01 7B E1 04 01 00 01 00 00 00 01 87 DC A6 5E D8 10 31 F1 C6 15 38 B7 4B F4 DD 91 58 40 98 0F 47 A1 4B E7 53 4E 60 D1 BF 92 6B 93 78 7D B5 0C E7 4C 2A D0 A6 0C 72 9F E2 5D 25 1D 83 78 41 21 D1 DD 14 B5 17 49 14 4E 35 7C 28 33 64 D1 F5 5A A5 54 3A 09 0F 97 6B 7B E9 1B 2F C7 D8 10 9C F1 12 D3 A1 50 F0 2C F2 C9 2D A2 40 B0 18 5C 80 0A D9 91 C6 3C 7C 49 9D 88 11 57 56 62 D5 63 6E 10 80 B4 FE 3E 34 6B 7C 48 B4 E1 89 D9 BA 8F 4E 05 65 57 CA 82 30 8D 3C 05 C0 B2 D8 AC AF B4 80 59 3A A9 A0 64 63 63 7A EE F0 53 57 8F B1 D5 EA E6 7A C7 5B 4F 83 1C 43 A9 65 5C 9E 75 B9 7F C6 64 03 7C 49 2F AD 89 42 27 53 1C F0 9B C4 68 69 24 A3 13 3F 42 18 CC D3 7F 96 66 64 B1 5F EB D2 16 8B DB AE 5F 4D 64 70 AE FA 62 99 DE C1 1C 93 05 93 C8 6C 26 B9 4D 54 A2 A8 36 35 C1 F2 07 66 26 AB AB B2 71 F6 FF 58 E8 87 1D E8 E2 
16.07.2018 23:17 [INFO] - Send: 07 00 DD 05 0C BD 7B 50 10 
16.07.2018 23:17 [INFO] - Send: 2A 00 DD 05 EA 6F 6B 03 D3 A2 72 42 13 E3 B3 83 53 23 F4 C4 94 64 34 05 3B 83 3B 28 16 E6 B6 86 57 27 F7 C7 97 70 40 10 E0 B0 81 51 
16.07.2018 23:17 [INFO] - Send: FE 00 DD 05 95 F9 22 96 66 37 07 D7 A7 77 50 20 F0 C0 90 61 31 01 D1 A1 72 42 12 E2 B2 83 53 23 F3 C4 94 64 34 04 D5 A5 75 45 15 E6 B6 86 56 26 F7 C7 97 67 37 FE D0 A0 70 40 11 E1 B1 81 51 22 F2 C2 92 62 33 03 D3 A3 73 44 14 E4 B4 84 55 25 F5 C5 96 66 36 06 D6 A7 77 47 17 E7 C0 90 60 30 FE D1 A1 71 41 11 E2 B2 82 52 22 F3 C3 93 63 33 04 D4 A4 74 44 15 E5 B5 85 55 26 F6 C6 96 66 37 07 D7 A7 77 40 10 E0 B0 81 51 21 F1 C1 92 62 32 02 D2 A3 73 43 13 E3 B4 84 54 24 F4 C5 95 65 35 05 D6 A6 76 46 16 E7 B7 87 57 27 FE D0 A0 70 40 11 E1 B1 81 51 22 F2 C2 92 62 33 03 D3 A3 74 44 14 E4 B4 85 55 25 F5 C5 96 66 36 06 D6 A7 77 47 17 E7 B0 80 50 20 F0 C1 91 61 31 01 D2 A2 72 42 12 E3 B3 83 53 23 F4 C4 94 64 34 05 D5 A5 75 45 16 E6 B6 86 57 27 F7 C7 97 70 40 10 E0 B0 81 51 
16.07.2018 23:17 [INFO] - Send: 0F 00 DD 05 06 37 C9 C6 97 70 40 10 E0 B0 81 51 86 
16.07.2018 23:17 [INFO] - Send: 08 00 DD 05 FE A1 C9 53 11 40 
16.07.2018 23:17 [INFO] - Send: 24 00 DD 05 64 F1 1F 82 52 23 F4 C4 95 64 34 05 D5 5A 75 45 16 E6 34 B7 D4 7D F7 C7 97 70 40 10 E0 B0 81 51 42 72 
16.07.2018 23:17 [INFO] - Send: 33 00 DD 05 56 F4 15 80 AE DF F0 C1 91 61 31 01 D2 A2 72 42 12 E3 B3 83 53 23 F4 C4 94 64 34 0E D5 E2 1A 2A 72 C6 9B A6 35 5E 92 E6 97 70 40 10 E0 B0 81 51 47 
16.07.2018 23:17 [INFO] - Recv: 13 00 00 05 37 7C CD 53 98 44 D2 DE 85 6F 5F 07 7A BF 4D 33 39 
16.07.2018 23:17 [INFO]  - received undefined rc0 packet Level - 5 - Opcode 0x7C37
17.07.2018 22:53 [INFO]  - Client 127.0.0.1: disconnect
17.07.2018 22:53 [INFO]  - Login server 127.0.0.1: disconnected
