----------------------------------------------------------[ 程序集启动 修复+汉化By：烟笼里 ]
2017/11/30 22:23 - ArcheAge Emu - 版本号 2.0, Build 6543.26251
2017/11/30 22:23 - Main: Running On .NET Framework (C#) Version 4.0.30319
2017/11/30 22:23 - 如果你想停止该服务请直接按下 Ctrl + C
-----------------------------------------------------------------------[ 网络连接 ]
2017/11/30 22:23 - 连接服务器，安装数据…
2017/11/30 22:23 - Installed ClientConnection At 127.0.0.1:1239
2017/11/30 22:23 - ArcheAge 启动  0.00 秒.
2017/11/30 22:23 - 收到：00 03 00 00 01 
2017/11/30 22:23 - 成功安装登陆服务器
2017/11/30 22:26 - 收到：00 23 00 01 00 00 00 01 01 01 74 65 73 74 00 00 00 00 DE FF FF 7F 00 00 00 00 00 31 32 37 2E 30 2E 30 2E 31 00 
2017/11/30 22:26 - 账户《 test》: 授权
2017/11/30 22:26 - 客户端 127.0.0.1: 连接
2017/11/30 22:26 - 收到：34 00 00 01 EC 18 00 00 CD 04 00 00 CB 04 00 00 EB 63 4A 1D 00 00 00 00 6A C6 34 C0 FF FF FF FF 00 89 93 05 00 00 00 00 00 00 00 00 00 00 00 00 00 00 00 00 00 00 
2017/11/30 22:26 - 收到：08 00 00 02 01 00 00 00 00 00 18 00 00 02 12 00 A5 76 36 05 00 00 00 00 37 D7 0C 31 28 00 00 00 05 5C 00 00 
2017/11/30 22:26 - 收到：94 00 00 02 17 00 8C 00 8C 00 00 8C 00 12 00 00 87 00 10 00 B0 5D 84 CA 00 00 00 04 69 6B 51 E8 63 BB AD A5 36 F1 C5 5D E7 5B 7F 61 47 5E AC CC 8E 16 04 0D 2E 74 6A 5B 29 C5 44 34 98 2D C5 E5 2C 88 FD 9F 2C 5E B5 D5 F6 5C 67 41 BE 63 53 43 14 70 E6 A6 2C E0 9B CE EB 1B 52 48 8E 1E 9F BC E3 0F C6 D9 7B F0 3E 7B 79 29 5D 0B BD 3A 30 B8 A4 3D 70 1F 43 7F BF 75 19 B2 C5 59 B7 42 FC D3 56 6C A5 AC 5D 60 3B 36 A4 3D 70 1F 43 7F BF 75 D5 B3 73 9C 69 25 
2017/11/30 22:26 - 收到未定义的包 Level - 2 Op - 0x17
2017/11/30 22:26 - 收到：18 00 00 02 12 00 A5 76 36 05 00 00 00 00 CC BA 10 31 28 00 00 00 01 5D 00 00 
2017/11/30 22:26 - 收到：73 00 00 02 17 00 6B 00 6B 00 00 6B 00 00 01 00 03 00 00 00 01 00 00 02 9D F7 9D E6 F5 1F 15 F9 D5 59 DB 43 C2 98 2E 63 75 E7 4F B0 05 6C 00 04 3E 3D 91 2E 08 6F 76 CB 5D B9 4F 99 42 89 7A BD 75 75 E7 50 B0 7F 71 41 5B C4 BE 20 A9 96 03 D4 6E 7B EB A7 55 00 00 02 62 5A C9 B6 5C 62 6A 63 91 9C 6F 98 F6 F0 F0 12 20 6B B6 01 00 00 00 00 00 00 00 00 00 
2017/11/30 22:26 - 收到未定义的包 Level - 2 Op - 0x17
2017/11/30 22:26 - 收到：5C 00 00 02 17 00 54 00 54 00 00 54 00 12 00 00 4F 00 10 00 83 EE 91 15 00 00 00 08 A7 5F A5 D8 BD A2 8E C9 5B F8 47 58 6D 8D F5 22 B1 23 C0 83 66 0B 15 BC DC 8D 2C 09 91 8E 64 7C F9 8A AE DE 0D 55 FD 43 34 56 28 92 D5 2B 75 28 16 2E 13 F1 F9 B1 CC A2 8B 9A 7C DE 7D 6E 4A 49 6D A6 
2017/11/30 22:26 - 收到未定义的包 Level - 2 Op - 0x17
2017/11/30 22:26 - 收到：4D 01 00 02 17 00 45 01 45 01 01 45 00 00 01 00 34 00 00 00 02 00 0E 27 1D 01 34 09 00 00 00 2C 01 00 00 00 00 00 00 01 00 00 00 25 00 00 00 31 38 43 45 35 38 45 31 2D 42 39 42 39 2D 34 38 64 66 2D 42 42 31 32 2D 44 44 30 33 35 45 32 34 44 32 37 34 00 00 00 00 00 00 00 00 00 00 00 00 00 00 00 00 00 00 00 00 00 00 00 00 00 00 00 00 00 00 00 00 00 00 00 00 00 00 00 00 00 00 00 00 00 00 00 00 00 00 00 00 00 00 00 00 00 00 00 00 00 00 00 00 00 00 00 00 00 00 00 00 00 00 00 00 00 00 00 00 00 00 00 00 00 00 00 00 00 00 00 00 00 00 00 00 00 00 00 00 00 00 00 00 00 00 00 00 00 00 00 00 00 00 00 00 00 00 00 00 00 00 00 00 00 00 00 00 00 00 00 00 00 00 00 00 00 00 00 00 00 00 00 00 00 00 00 00 00 00 00 00 00 00 00 00 00 00 00 00 00 00 00 00 00 00 00 00 00 00 00 00 00 00 00 00 00 00 00 00 00 00 00 00 00 00 00 00 00 00 00 00 00 00 00 00 00 00 00 00 00 00 00 00 00 00 00 00 00 00 00 00 00 00 00 00 00 00 00 00 00 00 00 00 00 00 00 00 00 00 00 00 00 00 00 00 00 00 00 00 00 00 00 00 00 00 00 00 00 00 00 00 
2017/11/30 22:26 - 收到未定义的包 Level - 2 Op - 0x17
2017/11/30 22:26 - 收到：18 00 00 02 12 00 A5 76 36 05 00 00 00 00 6A CD 14 31 28 00 00 00 0B 5E 00 00 
2017/11/30 22:26 - 收到：BF 00 00 02 17 00 B7 00 B7 00 00 B7 00 00 01 00 00 00 01 00 B2 01 04 00 6A 00 00 00 00 00 00 00 00 00 00 00 00 00 03 00 00 00 2C 00 00 00 00 00 00 EA 63 22 00 00 00 00 00 00 00 00 00 00 00 00 00 00 00 00 00 02 00 01 00 04 00 00 5A 15 40 7D 07 D4 99 14 00 03 00 08 57 3D 49 45 00 00 00 01 00 00 00 08 00 00 00 0A 00 00 00 00 00 00 3F AB 00 00 00 00 00 00 00 00 00 00 00 00 00 00 00 00 00 00 00 00 00 00 04 56 00 00 C4 18 00 00 00 00 00 00 00 00 00 00 00 00 00 00 00 00 B2 E9 25 91 00 00 00 00 00 00 00 00 00 00 00 00 00 00 00 00 00 00 00 00 00 00 00 00 00 00 00 00 00 00 00 01 00 
2017/11/30 22:26 - 收到未定义的包 Level - 2 Op - 0x17
2017/11/30 22:26 - 收到：5C 00 00 02 17 00 54 00 54 00 00 54 00 12 00 00 4F 00 10 00 4F D9 15 91 00 00 00 08 E6 89 62 52 3C A6 F8 66 3F 07 65 77 06 E5 26 54 2B D2 BA 64 0A 95 8E 64 5B 37 39 1F 51 E9 C7 14 98 6F 19 62 B4 52 1E 41 80 F2 45 4C A5 47 71 E8 E8 54 E1 60 D9 91 FC E2 97 9C CC DC 75 4E 04 89 49 FE 
2017/11/30 22:26 - 收到未定义的包 Level - 2 Op - 0x17
2017/11/30 22:26 - 收到：18 00 00 02 12 00 A5 76 36 05 00 00 00 00 98 C4 18 31 28 00 00 00 12 5F 00 00 
2017/11/30 22:26 - 收到：3F 00 00 02 17 00 37 00 37 00 00 37 00 00 01 00 34 00 00 00 03 00 02 00 65 00 26 00 24 5B 41 4E 54 5D 20 31 2C 20 31 30 30 31 2C 20 31 37 32 36 32 31 36 33 36 2C 20 31 37 32 36 32 31 37 33 34 00 
2017/11/30 22:26 - 收到未定义的包 Level - 2 Op - 0x17
2017/11/30 22:26 - 收到：5C 00 00 02 17 00 54 00 54 00 00 54 00 12 00 00 4F 00 10 00 6B 81 D3 1C 00 00 00 08 10 AE B4 89 22 9E 17 04 6B ED 34 CA 08 6F 31 80 CF 1F 36 3E 69 58 82 D6 31 A7 17 53 EF E6 B4 89 37 32 FD D1 59 51 98 D4 28 B0 9D C8 32 26 9E 54 DC B2 2D 10 49 95 7C E2 9B 10 FC D8 F5 4C 0A A9 4D 7A 
2017/11/30 22:26 - 收到未定义的包 Level - 2 Op - 0x17
2017/11/30 22:26 - 收到：BF 00 00 02 17 00 B7 00 B7 00 00 B7 00 00 01 00 00 00 01 00 B2 01 04 00 6A 00 00 00 01 00 00 00 00 00 00 00 00 00 03 00 00 00 2C 00 00 00 00 00 00 EA 63 22 00 00 00 00 00 00 00 00 00 00 00 00 00 00 00 00 00 02 00 01 00 04 00 00 5A 15 40 7D 07 D4 99 14 00 03 00 08 57 3D 49 45 00 00 00 01 00 00 00 08 00 00 00 0A 00 00 00 00 00 00 3F AB 00 00 00 00 00 00 00 00 00 00 00 00 00 00 00 00 00 00 00 00 00 00 04 56 00 01 40 50 00 00 00 00 00 00 00 00 00 00 00 00 00 00 00 00 00 00 00 00 00 00 00 00 00 00 00 00 00 00 00 00 00 00 00 00 00 00 00 00 00 00 00 00 00 00 00 00 00 00 00 01 00 
2017/11/30 22:26 - 收到未定义的包 Level - 2 Op - 0x17
2017/11/30 22:26 - 收到：18 00 00 02 12 00 A5 76 36 05 00 00 00 00 17 DD 1C 31 28 00 00 00 24 60 00 00 
2017/11/30 22:26 - 收到：5C 00 00 02 17 00 54 00 54 00 00 54 00 12 00 00 4F 00 10 00 4D 3F 71 D8 00 00 00 08 80 83 9B EA D4 8A 9F A5 62 57 1D 49 52 8F C6 63 1C 70 E3 34 C6 68 11 CE F7 45 50 9E A9 35 D5 25 34 66 89 84 FD 0B F8 36 41 00 3A 94 D8 19 81 E0 BC E7 37 50 3B FD C4 A2 9D 92 4C DC 7F AE 52 A9 6D BE 
2017/11/30 22:26 - 收到未定义的包 Level - 2 Op - 0x17
2017/11/30 22:26 - 收到：56 00 00 02 17 00 4E 00 4E 00 00 4E 00 00 01 00 00 00 01 00 49 01 04 00 6A 00 00 00 02 00 00 00 00 00 00 00 00 00 03 00 00 00 2C 00 00 00 00 00 00 2A 31 05 00 00 1E C9 00 00 00 20 00 00 00 64 00 00 00 00 00 00 00 07 00 00 00 0C 30 2C 2C 30 2C 2C 30 2C 2C 30 2C 00 
2017/11/30 22:26 - 收到未定义的包 Level - 2 Op - 0x17
2017/11/30 22:26 - 收到：56 00 00 02 17 00 4E 00 4E 00 00 4E 00 00 01 00 00 00 01 00 49 01 04 00 6A 00 00 00 03 00 00 00 00 00 00 00 00 00 03 00 00 00 2C 00 00 00 00 00 00 2A 31 05 00 00 1E C9 00 00 00 20 00 00 00 6B 00 00 00 00 00 00 00 00 00 00 00 0C 30 2C 2C 30 2C 2C 30 2C 2C 30 2C 00 
2017/11/30 22:26 - 收到未定义的包 Level - 2 Op - 0x17
2017/11/30 22:26 - 收到：18 00 00 02 12 00 A5 76 36 05 00 00 00 00 DD 18 21 31 28 00 00 00 36 61 00 00 
2017/11/30 22:26 - 收到：8F 00 00 02 17 00 87 00 87 00 00 87 00 00 01 00 00 00 01 00 82 01 04 00 6A 00 00 00 04 00 00 00 00 00 00 00 00 00 03 00 00 00 2C 00 00 00 00 00 00 EA 60 16 00 00 00 00 00 00 00 00 00 00 00 00 00 00 00 00 00 02 00 01 00 04 00 00 5A 15 40 7D 07 D4 99 14 00 03 00 08 57 3D 49 45 00 00 00 01 00 00 00 08 00 00 00 0A 00 00 00 00 00 00 3F AB 00 00 00 00 00 00 00 00 00 00 00 00 00 00 00 00 00 00 00 00 00 00 04 11 00 00 7D 00 00 00 00 01 00 
2017/11/30 22:26 - 收到未定义的包 Level - 2 Op - 0x17
2017/11/30 22:26 - 收到：EF 00 00 02 17 00 E7 00 E7 00 00 E7 00 00 01 00 00 00 01 00 E2 01 04 00 6A 00 00 00 05 00 00 00 00 00 00 00 00 00 03 00 00 00 2C 00 00 00 00 00 00 EA 63 22 00 00 00 00 00 00 00 00 00 00 00 00 00 00 00 00 00 02 00 01 00 04 00 00 5A 15 40 7D 07 D4 99 14 00 03 00 08 57 3D 49 45 00 00 00 01 00 00 00 08 00 00 00 0A 00 00 00 00 00 00 3F AB 00 00 00 00 00 00 00 00 00 00 00 00 00 00 00 00 00 00 00 00 00 00 04 7F 00 00 4A CE 00 00 07 D1 F2 17 2A 07 00 00 00 00 00 00 00 00 00 00 00 00 00 00 00 00 00 00 00 00 00 00 00 00 00 00 00 00 00 00 00 00 00 00 00 00 00 00 00 00 00 00 00 31 43 3A 5C 57 65 47 61 6D 65 5C C9 CF B9 C5 CA C0 BC CD 5C 54 43 4C 53 5C 54 65 6E 50 72 6F 74 65 63 74 5C 42 75 67 52 65 70 6F 72 74 2E 64 6C 6C 00 
2017/11/30 22:26 - 收到未定义的包 Level - 2 Op - 0x17
2017/11/30 22:26 - 收到：18 00 00 02 12 00 A5 76 36 05 00 00 00 00 AF 21 25 31 28 00 00 00 EB 61 00 00 
2017/11/30 22:26 - 收到：2F 00 00 02 17 00 27 00 27 00 00 27 00 00 01 00 00 00 01 00 22 01 02 00 51 00 00 00 06 00 00 00 00 00 00 1C 00 00 00 01 00 00 00 00 00 00 00 01 36 
2017/11/30 22:26 - 收到未定义的包 Level - 2 Op - 0x17
2017/11/30 22:26 - 收到：AD 01 00 02 17 00 A5 01 A5 01 01 A5 00 00 01 00 34 00 00 00 04 00 0E 27 1D 01 94 10 00 00 00 8C 01 00 00 00 00 00 00 01 00 00 00 A8 00 00 00 00 00 A8 00 04 00 00 00 00 00 00 00 9C 00 00 00 06 00 00 00 02 00 00 00 F0 23 00 00 02 00 00 00 00 00 00 00 00 00 00 00 00 00 00 00 00 00 00 00 00 00 00 00 00 00 00 00 00 00 00 00 00 00 00 00 00 00 00 00 00 00 00 00 00 00 00 00 00 00 00 00 00 00 00 00 00 00 00 00 00 00 00 00 00 00 00 00 00 00 00 00 00 00 00 00 00 00 00 00 00 00 00 00 00 00 00 00 00 00 00 00 00 00 00 00 00 00 00 00 00 00 00 00 00 00 00 00 00 00 00 00 00 00 00 00 00 00 00 00 00 00 00 00 00 00 00 00 00 00 00 00 00 00 00 00 00 01 01 00 00 00 00 00 00 00 00 00 00 00 00 00 00 00 00 00 00 00 00 00 00 00 00 00 00 00 00 00 00 00 00 00 00 00 00 00 00 00 00 00 00 00 00 00 00 00 00 00 00 00 00 00 00 00 00 00 00 00 00 00 00 00 00 00 00 00 00 00 00 00 00 00 00 00 00 00 00 00 00 00 00 00 00 00 00 00 00 00 00 00 00 00 00 00 00 00 00 00 00 00 00 00 00 00 00 00 00 00 00 00 00 00 00 00 00 00 00 00 00 00 00 00 00 00 00 00 00 00 00 00 00 00 00 00 00 00 00 00 00 00 00 00 00 00 00 00 00 00 00 00 00 00 00 00 00 00 00 00 00 00 00 00 00 00 00 00 00 00 00 00 00 00 00 00 00 00 00 00 00 00 00 00 00 00 00 00 00 00 00 00 00 00 00 00 00 00 00 00 00 00 00 00 00 00 00 00 00 00 00 00 00 00 00 00 00 00 
2017/11/30 22:26 - 收到未定义的包 Level - 2 Op - 0x17
2017/11/30 22:26 - 收到：9F 00 00 02 17 00 97 00 97 00 00 97 00 00 01 00 00 00 01 00 92 01 04 00 6A 00 00 00 07 00 00 00 00 00 00 00 00 00 03 00 00 00 2C 00 00 00 00 00 00 EA 63 1A 00 00 00 00 00 00 00 00 00 00 00 00 00 00 00 00 00 02 00 01 00 04 00 00 5A 15 40 7D 07 D4 99 14 00 03 00 08 57 3D 49 45 00 00 00 01 00 00 00 08 00 00 00 0A 00 00 00 00 00 00 3F AB 00 00 00 00 00 00 00 00 00 00 00 00 00 00 00 00 00 00 00 00 00 00 04 2B 00 01 53 DA 00 00 00 00 00 00 00 00 00 00 00 00 34 38 07 01 00 00 00 01 00 
2017/11/30 22:26 - 收到未定义的包 Level - 2 Op - 0x17
2017/11/30 22:26 - 收到：18 00 00 02 12 00 A5 76 36 05 00 00 00 00 60 30 29 31 28 00 00 00 44 63 00 00 
2017/11/30 22:26 - 收到：B1 00 00 02 17 00 A9 00 A9 00 00 A9 00 00 01 00 00 00 01 00 A4 01 04 00 C8 00 00 00 08 00 00 00 00 00 00 E8 03 00 00 00 00 00 03 00 00 07 D9 00 00 4A 53 00 00 00 00 00 00 00 0A 00 00 00 00 00 00 00 01 00 04 00 00 00 02 00 01 00 04 00 00 00 02 00 01 00 00 00 00 00 00 00 00 00 00 00 00 00 00 00 00 00 00 00 00 00 00 00 00 00 00 00 00 00 00 00 00 00 00 00 00 00 00 00 00 00 00 00 00 00 00 00 00 00 00 00 00 00 00 00 00 00 00 00 00 00 00 00 00 00 00 00 00 00 00 00 00 00 00 00 00 00 00 00 00 00 00 00 00 00 00 00 00 00 00 00 00 00 00 00 00 
2017/11/30 22:26 - 收到未定义的包 Level - 2 Op - 0x17
2017/11/30 22:26 - 收到：BF 00 00 02 17 00 B7 00 B7 00 00 B7 00 00 01 00 00 00 01 00 B2 01 04 00 6A 00 00 00 09 00 00 00 00 00 00 00 00 00 03 00 00 00 2C 00 00 00 00 00 00 EA 63 22 00 00 00 00 00 00 00 00 00 00 00 00 00 00 00 00 00 02 00 01 00 04 00 00 5A 15 40 7D 07 D4 99 14 00 03 00 08 57 3D 49 45 00 00 00 01 00 00 00 08 00 00 00 0A 00 00 00 00 00 00 3F AB 00 00 00 00 00 00 00 00 00 00 00 00 00 00 00 00 00 00 00 00 00 00 04 73 00 01 30 B7 00 00 00 00 00 00 00 00 00 00 00 00 00 00 00 00 00 00 00 00 00 00 00 00 00 00 00 00 00 00 00 00 00 00 00 00 00 00 00 00 00 00 00 00 00 00 00 00 00 00 00 01 00 
2017/11/30 22:26 - 收到未定义的包 Level - 2 Op - 0x17
2017/11/30 22:26 - 收到：18 00 00 02 12 00 A5 76 36 05 00 00 00 00 AD 21 2D 31 28 00 00 00 4D 64 00 00 
2017/11/30 22:26 - 收到：4D 01 00 02 17 00 45 01 45 01 01 45 00 00 01 00 34 00 00 00 05 00 0E 27 1D 01 34 01 00 00 00 2C 01 00 00 00 00 00 00 02 00 00 00 20 01 00 00 01 5C 01 11 01 01 2E 05 01 01 01 01 01 01 01 03 AF 52 DD C7 89 00 B0 43 DC AE 7A 96 66 80 51 BB 89 83 5F 7F AA DA F6 6E 00 5C BF 12 C7 4B 29 8B 1D 21 43 05 94 72 F4 03 05 85 75 E7 04 50 B9 DE 36 4B 5B 3B 66 50 15 40 00 AF D3 F0 EB E1 1B A3 7F 95 C2 0F 7F CB A7 B3 2C A3 5E 7B CD FF CB C0 04 96 A6 61 6D 71 8C DF 21 FE 9F C1 3B 63 87 75 A3 B1 D6 23 30 D7 92 7D 39 10 75 7C 1F E2 35 8E 3A 7A B6 F2 AB 9F 47 A0 49 EC 7D F5 47 ED EE E4 C8 44 C4 CA 5F 25 A1 9F F2 25 DC A2 C2 7F 78 24 21 19 37 42 6B CB B6 FC 15 F3 FA 5A BA 2C 34 2C 61 F0 FD 02 14 00 B5 C2 03 05 C8 ED D9 F1 28 78 BC 57 F2 B4 DF 64 D6 F2 4C FA 2A 1F EA 15 09 EC 46 FB 5E 6E BE 14 0A 2F 64 45 14 03 7D 88 3C 54 24 A3 A4 6A 75 F8 51 91 47 85 E6 98 97 42 9D 9C 28 D1 F5 7D DE 49 0D F4 20 C6 C4 87 C9 47 1A B9 A9 BB F6 6B 64 EA 03 AE 63 0C 22 B9 92 C4 01 B2 21 B1 BB A4 4A 20 1E 8B A6 13 D8 DD 06 E6 89 2D 
2017/11/30 22:26 - 收到未定义的包 Level - 2 Op - 0x17
2017/11/30 22:26 - 收到：53 00 00 02 17 00 4B 00 4B 00 00 4B 00 00 01 00 00 00 01 00 46 01 04 00 6A 00 00 00 0A 00 00 00 00 00 00 00 00 00 03 00 00 00 2C 00 00 00 00 00 00 2A 31 07 00 00 1E C8 69 FE 4D 13 78 6D 9A 10 00 09 C4 64 00 00 01 F4 00 00 01 31 00 00 3F AB 00 00 00 01 00 
2017/11/30 22:26 - 收到未定义的包 Level - 2 Op - 0x17
2017/11/30 22:26 - 收到：4D 01 00 02 17 00 45 01 45 01 01 45 00 00 01 00 34 00 00 00 06 00 0E 27 1D 01 34 01 00 00 00 2C 01 00 00 01 00 00 00 02 00 00 00 25 00 00 00 41 7B C5 29 17 8D CA 52 A3 BD 0B 4E 7E E5 45 26 5B A0 7A F8 08 3B D7 B9 A5 99 A7 BB B7 69 20 E5 47 52 33 8E E9 DA F6 6E 00 5C BF 12 C7 4B 29 8B 1D 21 43 05 94 72 F4 03 05 85 75 E7 04 50 B9 DE 36 4B 5B 3B 66 50 15 40 00 AF D3 F0 EB E1 1B A3 7F 95 C2 0F 7F CB A7 B3 2C A3 5E 7B CD FF CB C0 04 96 A6 61 6D 71 8C DF 21 FE 9F C1 3B 63 87 75 A3 B1 D6 23 30 D7 92 7D 39 10 75 7C 1F E2 35 8E 3A 7A B6 F2 AB 9F 47 A0 49 EC 7D F5 47 ED EE E4 C8 44 C4 CA 5F 25 A1 9F F2 25 DC A2 C2 7F 78 24 21 19 37 42 6B CB B6 FC 15 F3 FA 5A BA 2C 34 2C 61 F0 FD 02 14 00 B5 C2 03 05 C8 ED D9 F1 28 78 BC 57 F2 B4 DF 64 D6 F2 4C FA 2A 1F EA 15 09 EC 46 FB 5E 6E BE 14 0A 2F 64 45 14 03 7D 88 3C 54 24 A3 A4 6A 75 F8 51 91 47 85 E6 98 97 42 9D 9C 28 D1 F5 7D DE 49 0D F4 20 C6 C4 87 C9 47 1A B9 A9 BB F6 6B 64 EA 03 AE 63 0C 22 B9 92 C4 01 B2 21 B1 BB A4 4A 20 1E 8B A6 13 D8 DD 06 E6 89 2D 
2017/11/30 22:26 - 收到未定义的包 Level - 2 Op - 0x17
2017/11/30 22:26 - 收到：18 00 00 02 12 00 A5 76 36 05 00 00 00 00 62 FF 30 31 28 00 00 00 52 65 00 00 
2017/11/30 22:26 - 收到：5B 00 00 02 17 00 53 00 53 00 00 53 00 00 01 00 00 00 01 00 4E 01 04 00 6A 00 00 00 0B 00 00 00 00 00 00 00 00 00 03 00 00 00 2C 00 00 00 00 00 00 2A 31 09 00 00 1E C8 69 FE 4D 13 78 6D 9A 10 00 09 C4 64 00 00 00 5A 00 00 00 64 00 00 00 66 00 00 00 00 00 00 00 00 00 00 00 01 00 
2017/11/30 22:26 - 收到未定义的包 Level - 2 Op - 0x17
2017/11/30 22:26 - 收到：51 02 00 02 17 00 49 02 49 02 02 49 00 00 01 00 34 00 00 00 07 00 0E 27 1D 02 38 0A 00 00 00 2C 01 00 00 01 00 00 00 01 00 00 00 04 01 00 00 08 00 00 00 00 00 00 00 00 00 00 00 00 00 00 00 00 00 00 00 00 00 00 00 00 00 00 00 00 00 00 00 00 00 00 00 00 00 00 00 00 00 00 00 00 00 00 00 01 00 00 E0 00 00 00 00 01 00 00 E0 00 00 00 00 01 00 00 E0 00 00 00 00 00 00 00 00 00 00 00 00 00 00 00 00 00 00 00 00 00 00 00 00 00 00 00 00 00 00 00 00 00 00 00 00 00 00 00 00 00 00 00 00 00 00 00 00 00 00 00 00 00 00 00 00 00 00 00 00 00 00 00 00 00 00 00 00 00 00 00 00 00 00 00 00 00 00 00 00 00 00 00 00 00 00 00 00 00 00 00 00 00 00 00 00 00 00 00 00 00 00 00 00 00 00 00 00 00 00 00 00 00 00 00 00 00 00 00 00 00 00 00 00 00 00 00 00 00 00 00 00 00 00 00 00 00 00 00 00 00 00 00 00 00 00 00 00 00 00 00 00 00 00 00 00 00 00 00 00 00 00 00 00 00 00 00 00 00 00 00 00 00 00 00 00 00 00 00 00 00 00 00 00 00 00 00 00 00 00 00 00 00 00 00 00 00 00 00 00 00 00 00 00 00 00 00 00 00 00 00 00 00 00 00 00 00 00 00 00 00 00 00 00 00 00 00 00 00 00 00 00 00 00 00 00 00 00 00 00 00 00 00 00 00 00 00 00 00 00 00 00 00 00 00 00 00 00 00 00 00 00 00 00 00 00 00 00 00 00 00 00 00 00 00 00 00 00 00 00 00 00 00 00 00 00 00 00 00 00 00 00 00 00 00 00 00 00 00 00 00 00 00 00 00 00 00 00 00 00 00 00 00 00 00 00 00 00 00 00 00 00 00 00 00 00 00 00 00 00 00 00 00 00 00 00 00 00 00 00 00 00 00 00 00 00 00 00 00 00 00 00 00 00 00 00 00 00 00 00 00 00 00 00 00 00 00 00 00 00 00 00 00 00 00 00 00 00 00 00 00 00 00 00 00 00 00 00 00 00 00 00 00 00 00 00 00 00 00 00 00 00 00 00 00 00 00 00 00 00 00 00 00 00 00 00 00 00 00 00 00 00 00 00 00 00 00 00 00 00 00 00 00 00 00 00 00 00 00 00 00 00 00 00 00 00 00 00 00 00 00 00 00 00 00 00 00 00 00 00 00 00 00 00 00 00 00 00 00 00 00 00 00 00 00 00 00 00 00 00 
2017/11/30 22:26 - 收到未定义的包 Level - 2 Op - 0x17
2017/11/30 22:26 - 收到：18 00 00 02 12 00 A5 76 36 05 00 00 00 00 3E D5 34 31 28 00 00 00 2B 66 00 00 
2017/11/30 22:26 - 收到：BF 00 00 02 17 00 B7 00 B7 00 00 B7 00 00 01 00 00 00 01 00 B2 01 04 00 6A 00 00 00 0C 00 00 00 00 00 00 00 00 00 03 00 00 00 2C 00 00 00 00 00 00 EA 63 22 00 00 00 00 00 00 00 00 00 00 00 00 00 00 00 00 00 02 00 01 00 04 00 00 5A 15 40 7D 07 D4 99 14 00 03 00 08 57 3D 49 45 00 00 00 01 00 00 00 08 00 00 00 0A 00 00 00 00 00 00 3F AB 00 00 00 00 00 00 00 00 00 00 00 00 00 00 00 00 00 00 00 00 00 00 04 56 00 00 C4 18 00 00 00 00 00 00 00 00 00 00 00 00 00 00 00 00 B2 E9 25 91 00 00 00 00 00 00 00 00 00 00 00 00 00 00 00 00 00 00 00 00 00 00 00 00 00 00 00 00 00 00 00 01 00 
2017/11/30 22:26 - 收到未定义的包 Level - 2 Op - 0x17
2017/11/30 22:26 - 收到：BF 00 00 02 17 00 B7 00 B7 00 00 B7 00 00 01 00 00 00 01 00 B2 01 04 00 6A 00 00 00 0D 00 00 00 00 00 00 00 00 00 03 00 00 00 2C 00 00 00 00 00 00 EA 63 22 00 00 00 00 00 00 00 00 00 00 00 00 00 00 00 00 00 02 00 01 00 04 00 00 5A 15 40 7D 07 D4 99 14 00 03 00 08 57 3D 49 45 00 00 00 01 00 00 00 08 00 00 00 0A 00 00 00 00 00 00 3F AB 00 00 00 00 00 00 00 00 00 00 00 00 00 00 00 00 00 00 00 00 00 00 04 56 00 00 C5 AC 00 00 00 00 00 00 00 00 00 00 00 00 00 00 00 00 00 00 00 00 00 00 00 00 00 00 00 00 00 00 00 00 00 00 00 00 00 00 00 00 00 00 00 00 00 00 00 00 00 00 00 01 00 
2017/11/30 22:26 - 收到未定义的包 Level - 2 Op - 0x17
2017/11/30 22:26 - 收到：BF 00 00 02 17 00 B7 00 B7 00 00 B7 00 00 01 00 00 00 01 00 B2 01 04 00 6A 00 00 00 0E 00 00 00 00 00 00 00 00 00 03 00 00 00 2C 00 00 00 00 00 00 EA 63 22 00 00 00 00 00 00 00 00 00 00 00 00 00 00 00 00 00 02 00 01 00 04 00 00 5A 15 40 7D 07 D4 99 14 00 03 00 08 57 3D 49 45 00 00 00 01 00 00 00 08 00 00 00 0A 00 00 00 00 00 00 3F AB 00 00 00 00 00 00 00 00 00 00 00 00 00 00 00 00 00 00 00 00 00 00 04 56 00 01 40 50 00 00 00 00 00 00 00 00 00 00 00 00 00 00 00 00 00 00 00 00 00 00 00 00 00 00 00 00 00 00 00 00 00 00 00 00 00 00 00 00 00 00 00 00 00 00 00 00 00 00 00 01 00 
2017/11/30 22:26 - 收到未定义的包 Level - 2 Op - 0x17
2017/11/30 22:26 - 收到：18 00 00 02 12 00 A5 76 36 05 00 00 00 00 A0 C2 38 31 28 00 00 00 EC 66 00 00 
2017/11/30 22:26 - 收到：53 00 00 02 17 00 4B 00 4B 00 00 4B 00 00 01 00 00 00 01 00 46 01 04 00 6A 00 00 00 0F 00 00 00 00 00 00 00 00 00 03 00 00 00 2C 00 00 00 00 00 00 2A 31 07 00 00 1E C8 69 FE 4D 13 78 6D 9A 10 00 09 C4 64 00 00 00 5A 00 00 00 64 00 00 00 67 00 00 00 01 00 
2017/11/30 22:26 - 收到未定义的包 Level - 2 Op - 0x17
2017/11/30 22:26 - 收到：9F 00 00 02 17 00 97 00 97 00 00 97 00 00 01 00 00 00 01 00 92 01 04 00 6A 00 00 00 10 00 00 00 00 00 00 00 00 00 03 00 00 00 2C 00 00 00 00 00 00 EA 63 1A 00 00 00 00 00 00 00 00 00 00 00 00 00 00 00 00 00 02 00 01 00 04 00 00 5A 15 40 7D 07 D4 99 14 00 03 00 08 57 3D 49 45 00 00 00 01 00 00 00 08 00 00 00 0A 00 00 00 00 00 00 3F AB 00 00 00 00 00 00 00 00 00 00 00 00 00 00 00 00 00 00 00 00 00 00 04 5E 00 00 FD FE 00 00 00 00 00 00 00 00 00 00 00 00 00 00 00 00 00 00 00 01 00 
2017/11/30 22:26 - 收到未定义的包 Level - 2 Op - 0x17
2017/11/30 22:26 - 收到：18 00 00 02 12 00 A5 76 36 05 00 00 00 00 87 96 3C 31 28 00 00 00 08 68 00 00 
2017/11/30 22:26 - 收到：BF 00 00 02 17 00 B7 00 B7 00 00 B7 00 00 01 00 00 00 01 00 B2 01 04 00 6A 00 00 00 11 00 00 00 00 00 00 00 00 00 03 00 00 00 2C 00 00 00 00 00 00 EA 63 22 00 00 00 00 00 00 00 00 00 00 00 00 00 00 00 00 00 02 00 01 00 04 00 00 5A 15 40 7D 07 D4 99 14 00 03 00 08 57 3D 49 45 00 00 00 01 00 00 00 08 00 00 00 0A 00 00 00 00 00 00 3F AB 00 00 00 00 00 00 00 00 00 00 00 00 00 00 00 00 00 00 00 00 00 00 04 56 00 00 C4 18 00 00 00 00 00 00 00 00 00 00 00 00 00 00 00 00 B2 E9 25 91 00 00 00 00 00 00 00 00 00 00 00 00 00 00 00 00 00 00 00 00 00 00 00 00 00 00 00 00 00 00 00 01 00 
2017/11/30 22:26 - 收到未定义的包 Level - 2 Op - 0x17
2017/11/30 22:26 - 收到：BF 00 00 02 17 00 B7 00 B7 00 00 B7 00 00 01 00 00 00 01 00 B2 01 04 00 6A 00 00 00 12 00 00 00 00 00 00 00 00 00 03 00 00 00 2C 00 00 00 00 00 00 EA 63 22 00 00 00 00 00 00 00 00 00 00 00 00 00 00 00 00 00 02 00 01 00 04 00 00 5A 15 40 7D 07 D4 99 14 00 03 00 08 57 3D 49 45 00 00 00 01 00 00 00 08 00 00 00 0A 00 00 00 00 00 00 3F AB 00 00 00 00 00 00 00 00 00 00 00 00 00 00 00 00 00 00 00 00 00 00 04 56 00 00 C5 AC 00 00 00 00 00 00 00 00 00 00 00 00 00 00 00 00 00 00 00 00 00 00 00 00 00 00 00 00 00 00 00 00 00 00 00 00 00 00 00 00 00 00 00 00 00 00 00 00 00 00 00 01 00 
2017/11/30 22:26 - 收到未定义的包 Level - 2 Op - 0x17
2017/11/30 22:26 - 收到：BB 00 00 02 17 00 B3 00 B3 00 00 B3 00 00 01 00 00 00 01 00 AE 01 04 00 C8 00 00 00 13 00 00 00 00 00 00 E8 03 00 00 00 00 00 03 00 00 07 E6 00 00 94 70 00 00 00 00 00 00 00 0A 00 00 00 00 00 00 00 01 00 04 00 00 00 02 00 01 00 04 00 00 00 02 00 01 00 00 00 00 00 00 00 00 00 00 00 00 00 00 00 00 00 00 00 00 00 00 00 00 00 00 00 00 00 00 00 00 00 00 00 00 00 00 00 00 00 00 00 00 00 00 00 00 00 00 00 00 00 00 00 00 00 00 00 00 00 00 00 00 00 00 00 00 00 00 00 00 00 00 00 00 00 00 00 00 00 00 00 00 00 00 00 00 00 00 00 00 00 00 00 0A 77 69 6E 6D 6D 2E 64 6C 6C 00 
2017/11/30 22:26 - 收到未定义的包 Level - 2 Op - 0x17
2017/11/30 22:26 - 收到：18 00 00 02 12 00 A5 76 36 05 00 00 00 00 A9 C0 40 31 28 00 00 00 6B 69 00 00 
2017/11/30 22:26 - 收到：9F 00 00 02 17 00 97 00 97 00 00 97 00 00 01 00 00 00 01 00 92 01 04 00 6A 00 00 00 14 00 00 00 00 00 00 00 00 00 03 00 00 00 2C 00 00 00 00 00 00 EA 63 1A 00 00 00 00 00 00 00 00 00 00 00 00 00 00 00 00 00 02 00 01 00 04 00 00 5A 15 40 7D 07 D4 99 14 00 03 00 08 57 3D 49 45 00 00 00 01 00 00 00 08 00 00 00 0A 00 00 00 00 00 00 3F AB 00 00 00 00 00 00 00 00 00 00 00 00 00 00 00 00 00 00 00 00 00 00 04 5E 00 00 FD FE 00 00 00 00 00 00 00 00 00 00 00 00 00 00 00 00 00 00 00 01 00 
2017/11/30 22:26 - 收到未定义的包 Level - 2 Op - 0x17
2017/11/30 22:26 - 收到：35 00 00 02 17 00 2D 00 2D 00 00 2D 00 00 01 00 00 00 01 00 28 01 02 00 49 00 00 00 15 00 00 00 00 00 00 00 00 00 00 00 00 00 00 00 00 00 00 00 00 00 00 00 00 00 00 
2017/11/30 22:26 - 收到未定义的包 Level - 2 Op - 0x17
2017/11/30 22:26 - 收到：3C 00 00 02 17 00 34 00 34 00 00 34 00 00 01 00 00 00 01 00 2F 01 02 00 52 00 00 00 16 00 00 00 00 00 00 00 00 00 01 00 00 00 00 00 00 00 00 01 FF FF FF FF 00 00 00 01 A1 31 65 BD 00 14 
2017/11/30 22:26 - 收到未定义的包 Level - 2 Op - 0x17
2017/11/30 22:26 - 收到：18 00 00 02 12 00 A5 76 36 05 00 00 00 00 FF E0 44 31 28 00 00 00 80 6A 00 00 
2017/11/30 22:26 - 收到：35 00 00 02 17 00 2D 00 2D 00 00 2D 00 00 01 00 00 00 01 00 28 01 02 00 49 00 00 00 17 00 00 00 00 00 00 00 00 00 00 00 00 00 00 00 00 00 00 00 00 00 00 00 00 00 00 
2017/11/30 22:26 - 收到未定义的包 Level - 2 Op - 0x17
2017/11/30 22:26 - 收到：3C 00 00 02 17 00 34 00 34 00 00 34 00 00 01 00 00 00 01 00 2F 01 02 00 52 00 00 00 18 00 00 00 00 00 00 00 00 00 01 00 00 00 00 00 00 00 00 01 FF FF FF FF 00 00 00 01 A1 31 65 BD 00 14 
2017/11/30 22:26 - 收到未定义的包 Level - 2 Op - 0x17
2017/11/30 22:26 - 收到：18 00 00 02 12 00 A5 76 36 05 00 00 00 00 BD BC 48 31 28 00 00 00 78 6B 00 00 
2017/11/30 22:26 - 收到：BF 00 00 02 17 00 B7 00 B7 00 00 B7 00 00 01 00 00 00 01 00 B2 01 04 00 6A 00 00 00 19 00 00 00 00 00 00 00 00 00 03 00 00 00 2C 00 00 00 00 00 00 EA 60 22 00 00 00 00 00 00 00 00 00 00 00 00 00 00 00 00 00 02 00 01 00 04 00 00 5A 15 40 7D 07 D4 99 14 00 03 00 08 57 3D 49 45 00 00 00 01 00 00 00 08 00 00 00 0A 00 00 00 00 00 00 3F AB 00 00 00 00 00 00 00 00 00 00 00 00 00 00 00 00 00 00 00 00 00 00 04 6B 00 00 90 92 00 00 00 01 00 00 00 01 00 00 00 00 00 00 00 00 00 00 00 00 00 00 00 00 00 00 00 00 00 00 00 00 00 00 00 00 00 00 00 00 00 00 00 00 00 00 00 00 00 00 00 01 00 
2017/11/30 22:26 - 收到未定义的包 Level - 2 Op - 0x17
2017/11/30 22:26 - 收到：BF 00 00 02 17 00 B7 00 B7 00 00 B7 00 00 01 00 00 00 01 00 B2 01 04 00 6A 00 00 00 1A 00 00 00 00 00 00 00 00 00 03 00 00 00 2C 00 00 00 00 00 00 EA 60 22 00 00 00 00 00 00 00 00 00 00 00 00 00 00 00 00 00 02 00 01 00 04 00 00 5A 15 40 7D 07 D4 99 14 00 03 00 08 57 3D 49 45 00 00 00 01 00 00 00 08 00 00 00 0A 00 00 00 00 00 00 3F AB 00 00 00 00 00 00 00 00 00 00 00 00 00 00 00 00 00 00 00 00 00 00 04 6B 00 00 90 8C C7 E9 B8 8C 00 00 00 01 5A 16 4A 5C D1 57 B5 9B 00 06 45 58 5A 15 40 7D 5A 15 40 7D 00 04 00 00 00 02 00 01 00 00 00 00 00 00 00 00 00 00 00 00 00 00 00 01 00 
2017/11/30 22:26 - 收到未定义的包 Level - 2 Op - 0x17
2017/11/30 22:26 - 收到：35 00 00 02 17 00 2D 00 2D 00 00 2D 00 00 01 00 00 00 01 00 28 01 02 00 49 00 00 00 1B 00 00 00 00 00 00 00 00 00 00 00 00 00 00 00 00 00 00 00 00 00 00 00 00 00 00 
2017/11/30 22:26 - 收到未定义的包 Level - 2 Op - 0x17
2017/11/30 22:26 - 收到：18 00 00 02 12 00 A5 76 36 05 00 00 00 00 52 A0 4C 31 28 00 00 00 77 6C 00 00 
2017/11/30 22:26 - 收到：3C 00 00 02 17 00 34 00 34 00 00 34 00 00 01 00 00 00 01 00 2F 01 02 00 52 00 00 00 1C 00 00 00 00 00 00 00 00 00 01 00 00 00 00 00 00 00 00 01 FF FF FF FF 00 00 00 01 A1 31 65 BD 00 14 
2017/11/30 22:26 - 收到未定义的包 Level - 2 Op - 0x17
2017/11/30 22:26 - 收到：BF 00 00 02 17 00 B7 00 B7 00 00 B7 00 00 01 00 00 00 01 00 B2 01 04 00 6A 00 00 00 1D 00 00 00 00 00 00 00 00 00 03 00 00 00 2C 00 00 00 00 00 00 EA 60 22 00 00 00 00 00 00 00 00 00 00 00 00 00 00 00 00 00 02 00 01 00 04 00 00 5A 15 40 7D 07 D4 99 14 00 03 00 08 57 3D 49 45 00 00 00 01 00 00 00 08 00 00 00 0A 00 00 00 00 00 00 3F AB 00 00 00 00 00 00 00 00 00 00 00 00 00 00 00 00 00 00 00 00 00 00 04 6B 00 00 90 8C E5 D2 5E F3 00 00 00 01 5A 16 4A 35 CA 0A 17 B0 01 04 55 28 57 3D 49 45 57 3D 49 45 00 03 00 08 07 D4 99 14 00 00 00 00 00 00 00 00 00 00 00 00 00 00 00 01 00 
2017/11/30 22:26 - 收到未定义的包 Level - 2 Op - 0x17
2017/11/30 22:26 - 收到：BF 00 00 02 17 00 B7 00 B7 00 00 B7 00 00 01 00 00 00 01 00 B2 01 04 00 6A 00 00 00 1E 00 00 00 00 00 00 00 00 00 03 00 00 00 2C 00 00 00 00 00 00 EA 60 22 00 00 00 00 00 00 00 00 00 00 00 00 00 00 00 00 00 02 00 01 00 04 00 00 5A 15 40 7D 07 D4 99 14 00 03 00 08 57 3D 49 45 00 00 00 01 00 00 00 08 00 00 00 0A 00 00 00 00 00 00 3F AB 00 00 00 00 00 00 00 00 00 00 00 00 00 00 00 00 00 00 00 00 00 00 04 6B 00 00 90 8C 99 F8 27 54 00 00 00 01 5A 16 49 6A 96 FA 9A E4 00 7F 14 90 56 5C 4E 3E 56 5C 4E 3E 00 01 00 00 00 5A 08 60 00 00 00 00 00 00 00 00 00 00 00 00 00 00 00 01 00 
2017/11/30 22:26 - 收到未定义的包 Level - 2 Op - 0x17
2017/11/30 22:26 - 收到：18 00 00 02 12 00 A5 76 36 05 00 00 00 00 4C A1 50 31 28 00 00 00 82 6D 00 00 
2017/11/30 22:26 - 收到：48 00 00 02 17 00 40 00 40 00 00 40 00 00 01 00 00 00 02 00 3B 01 0A 00 15 00 00 00 1F 00 00 00 00 00 00 05 01 02 00 00 00 01 01 04 00 00 00 01 01 0A 00 00 00 02 01 0F 00 00 00 01 01 16 00 00 00 01 00 00 5F 08 00 00 14 D0 
2017/11/30 22:26 - 收到未定义的包 Level - 2 Op - 0x17
2017/11/30 22:26 - 收到：2E 00 00 02 17 00 26 00 26 00 00 26 00 00 01 00 00 00 01 00 21 01 0F 00 01 00 00 00 20 00 00 00 00 00 00 00 00 00 00 00 00 00 00 00 00 00 01 00 
2017/11/30 22:26 - 收到未定义的包 Level - 2 Op - 0x17
2017/11/30 22:26 - 收到：18 00 00 02 12 00 A5 76 36 05 00 00 00 00 8F 94 54 31 28 00 00 00 7F 6E 00 00 
2017/11/30 22:26 - 收到：18 00 00 02 12 00 A5 76 36 05 00 00 00 00 C7 89 58 31 28 00 00 00 83 6F 00 00 
2017/11/30 22:26 - 收到：18 00 00 02 12 00 A5 76 36 05 00 00 00 00 85 65 5C 31 28 00 00 00 7E 70 00 00 
2017/11/30 22:26 - 收到：18 00 00 02 12 00 A5 76 36 05 00 00 00 00 4D 3F 60 31 28 00 00 00 7D 71 00 00 
2017/11/30 22:26 - 收到：18 00 00 02 12 00 A5 76 36 05 00 00 00 00 BA 2A 64 31 28 00 00 00 80 72 00 00 
2017/11/30 22:26 - 收到：18 00 00 02 12 00 A5 76 36 05 00 00 00 00 44 10 68 31 28 00 00 00 74 73 00 00 
2017/11/30 22:26 - 收到：18 00 00 02 12 00 A5 76 36 05 00 00 00 00 2A 15 6C 31 28 00 00 00 80 74 00 00 
2017/11/30 22:26 - 收到：18 00 00 02 12 00 A5 76 36 05 00 00 00 00 1D 18 70 31 28 00 00 00 8F 75 00 00 
2017/11/30 22:26 - 收到：18 00 00 02 12 00 A5 76 36 05 00 00 00 00 99 30 74 31 28 00 00 00 9A 76 00 00 
2017/11/30 22:26 - 收到：18 00 00 02 12 00 A5 76 36 05 00 00 00 00 4C 3F 78 31 28 00 00 00 A5 77 00 00 
2017/11/30 22:26 - 收到：18 00 00 02 12 00 A5 76 36 05 00 00 00 00 F4 4F 7C 31 28 00 00 00 B0 78 00 00 
2017/11/30 22:26 - 收到：18 00 00 02 12 00 A5 76 36 05 00 00 00 00 F9 4E 80 31 28 00 00 00 AD 79 00 00 
2017/11/30 22:26 - 收到：18 00 00 02 12 00 A5 76 36 05 00 00 00 00 AB 5D 84 31 28 00 00 00 BC 7A 00 00 
2017/11/30 22:26 - 收到：18 00 00 02 12 00 A5 76 36 05 00 00 00 00 88 33 88 31 28 00 00 00 B9 7B 00 00 
2017/11/30 22:26 - 收到：18 00 00 02 12 00 A5 76 36 05 00 00 00 00 34 4A 8C 31 28 00 00 00 C7 7C 00 00 
2017/11/30 22:26 - 收到：18 00 00 02 12 00 A5 76 36 05 00 00 00 00 4C 76 90 31 28 00 00 00 D9 7D 00 00 
2017/11/30 22:26 - 收到：18 00 00 02 12 00 A5 76 36 05 00 00 00 00 F5 55 94 31 28 00 00 00 D4 7E 00 00 
2017/11/30 22:26 - 收到：18 00 00 02 12 00 A5 76 36 05 00 00 00 00 81 3B 98 31 28 00 00 00 D1 7F 00 00 
2017/11/30 22:26 - 收到：BF 00 00 02 17 00 B7 00 B7 00 00 B7 00 00 01 00 00 00 01 00 B2 01 04 00 6A 00 00 00 21 00 00 00 00 00 00 00 00 00 03 00 00 00 2C 00 00 00 01 00 00 EA 60 22 00 00 00 00 00 00 00 00 00 00 00 00 00 00 00 00 00 02 00 01 00 04 00 00 5A 15 40 7D 07 D4 99 14 00 03 00 08 57 3D 49 45 00 00 00 01 00 00 00 08 00 00 00 0A 00 00 00 00 00 00 3F AB 00 00 00 00 00 00 00 00 00 00 00 00 00 00 00 00 00 00 00 00 00 00 04 6B 00 00 90 8C B7 87 C4 20 00 00 00 01 5A 16 49 67 9B FE 17 96 00 28 D6 50 55 EE 9E 1A 55 EE 9E 1A 00 02 00 02 00 01 AB A0 00 00 00 00 00 00 00 00 00 00 00 00 00 00 00 01 00 
2017/11/30 22:26 - 收到未定义的包 Level - 2 Op - 0x17
2017/11/30 22:26 - 收到：18 00 00 02 12 00 A5 76 36 05 00 00 00 00 6F 6F 9C 31 28 00 00 00 EA 80 00 00 
2017/11/30 22:26 - 收到：18 00 00 02 12 00 A5 76 36 05 00 00 00 00 37 49 A0 31 28 00 00 00 E7 81 00 00 
2017/11/30 22:26 - 收到：18 00 00 02 12 00 A5 76 36 05 00 00 00 00 C1 5F A4 31 28 00 00 00 F2 82 00 00 
2017/11/30 22:26 - 收到：18 00 00 02 12 00 A5 76 36 05 00 00 00 00 9E 35 A8 31 28 00 00 00 E8 83 00 00 
2017/11/30 22:26 - 收到：18 00 00 02 12 00 A5 76 36 05 00 00 00 00 D5 2A AC 31 28 00 00 00 EC 84 00 00 
2017/11/30 22:26 - 收到：18 00 00 02 12 00 A5 76 36 05 00 00 00 00 7E 3B B0 31 28 00 00 00 F6 85 00 00 
2017/11/30 22:26 - 收到：18 00 00 02 12 00 A5 76 36 05 00 00 00 00 83 3A B4 31 28 00 00 00 01 87 00 00 
2017/11/30 22:26 - 收到：18 00 00 02 12 00 A5 76 36 05 00 00 00 00 87 39 B8 31 28 00 00 00 05 88 00 00 
2017/11/30 22:26 - 收到：18 00 00 02 12 00 A5 76 36 05 00 00 00 00 1D 1D BC 31 28 00 00 00 02 89 00 00 
2017/11/30 22:26 - 收到：18 00 00 02 12 00 A5 76 36 05 00 00 00 00 7E 0A C0 31 28 00 00 00 06 8A 00 00 
2017/11/30 22:26 - 收到：18 00 00 02 12 00 A5 76 36 05 00 00 00 00 67 44 C4 31 28 00 00 00 18 8B 00 00 
2017/11/30 22:26 - 收到：18 00 00 02 12 00 A5 76 36 05 00 00 00 00 DC 5E C8 31 28 00 00 00 26 8C 00 00 
2017/11/30 22:26 - 收到：18 00 00 02 12 00 A5 76 36 05 00 00 00 00 E1 5D CC 31 28 00 00 00 2A 8D 00 00 
2017/11/30 22:26 - 收到：18 00 00 02 12 00 A5 76 36 05 00 00 00 00 D1 60 D0 31 28 00 00 00 35 8E 00 00 
2017/11/30 22:26 - 收到：18 00 00 02 12 00 A5 76 36 05 00 00 00 00 14 54 D4 31 28 00 00 00 15 8F 00 00 
2017/11/30 22:26 - 收到：18 00 00 02 12 00 A5 76 36 05 00 00 00 00 9D 6A D8 31 28 00 00 00 46 90 00 00 
2017/11/30 22:26 - 收到：18 00 00 02 12 00 A5 76 36 05 00 00 00 00 12 85 DC 31 28 00 00 00 51 91 00 00 
2017/11/30 22:26 - 收到：18 00 00 02 12 00 A5 76 36 05 00 00 00 00 92 6C E0 31 28 00 00 00 4E 92 00 00 
2017/11/30 22:26 - 收到：18 00 00 02 12 00 A5 76 36 05 00 00 00 00 12 85 E4 31 28 00 00 00 5B 93 00 00 
2017/11/30 22:26 - 收到：18 00 00 02 12 00 A5 76 36 05 00 00 00 00 E3 8D E8 31 28 00 00 00 66 94 00 00 
2017/11/30 22:26 - 收到：18 00 00 02 12 00 A5 76 36 05 00 00 00 00 AB 67 EC 31 28 00 00 00 63 95 00 00 
2017/11/30 22:26 - 收到：18 00 00 02 12 00 A5 76 36 05 00 00 00 00 EE 5A F0 31 28 00 00 00 62 96 00 00 
2017/11/30 22:26 - 收到：18 00 00 02 12 00 A5 76 36 05 00 00 00 00 72 F8 F1 31 28 00 00 00 CF 96 00 00 
2017/11/30 22:26 - 收到：18 00 00 02 12 00 A5 76 36 05 00 00 00 00 82 F5 F5 31 28 00 00 00 CE 97 00 00 
2017/11/30 22:26 - 收到：35 00 00 02 17 00 2D 00 2D 00 00 2D 00 00 01 00 00 00 01 00 28 01 02 00 49 00 00 00 22 00 00 00 00 00 00 00 00 00 00 00 00 00 00 00 00 00 00 00 00 00 00 00 00 00 00 
2017/11/30 22:26 - 收到未定义的包 Level - 2 Op - 0x17
2017/11/30 22:26 - 收到：18 00 00 02 12 00 A5 76 36 05 00 00 00 00 0B 0C FA 31 28 00 00 00 E2 98 00 00 
2017/11/30 22:26 - 收到：3C 00 00 02 17 00 34 00 34 00 00 34 00 00 01 00 00 00 01 00 2F 01 02 00 52 00 00 00 23 00 00 00 00 00 00 00 00 00 01 00 00 00 00 00 00 00 00 01 FF FF FF FF 00 00 00 01 A1 31 65 BD 00 14 
2017/11/30 22:26 - 收到未定义的包 Level - 2 Op - 0x17
2017/11/30 22:26 - 收到：18 00 00 02 12 00 A5 76 36 05 00 00 00 00 FC DD FD 31 28 00 00 00 DD 99 00 00 
2017/11/30 22:26 - 收到：18 00 00 02 12 00 A5 76 36 05 00 00 00 00 87 C3 01 32 28 00 00 00 D4 9A 00 00 
2017/11/30 22:26 - 收到：18 00 00 02 12 00 A5 76 36 05 00 00 00 00 C9 B6 05 32 28 00 00 00 E1 9B 00 00 
2017/11/30 22:26 - 收到：18 00 00 02 12 00 A5 76 36 05 00 00 00 00 7D 94 09 32 28 00 00 00 DF 9C 00 00 
2017/11/30 22:26 - 收到：18 00 00 02 12 00 A5 76 36 05 00 00 00 00 5A 6A 0D 32 28 00 00 00 DC 9D 00 00 
2017/11/30 22:26 - 收到：18 00 00 02 12 00 A5 76 36 05 00 00 00 00 F8 7C 11 32 28 00 00 00 E3 9E 00 00 
2017/11/30 22:26 - 收到：18 00 00 02 12 00 A5 76 36 05 00 00 00 00 58 9B 15 32 28 00 00 00 F7 9F 00 00 
2017/11/30 22:26 - 收到：18 00 00 02 12 00 A5 76 36 05 00 00 00 00 ED 7E 19 32 28 00 00 00 E1 A0 00 00 
2017/11/30 22:26 - 收到：18 00 00 02 12 00 A5 76 36 05 00 00 00 00 45 6E 1D 32 28 00 00 00 F7 A1 00 00 
2017/11/30 22:26 - 收到：3F 00 00 02 17 00 37 00 37 00 00 37 00 00 01 00 34 00 00 00 08 00 02 00 6A 00 26 00 00 00 03 00 00 00 2C 00 00 00 01 00 00 4E 87 04 00 00 00 01 00 00 00 04 00 00 00 01 00 01 F0 B0 00 00 00 01 00 
2017/11/30 22:26 - 收到未定义的包 Level - 2 Op - 0x17
2017/11/30 22:26 - 收到：18 00 00 02 12 00 A5 76 36 05 00 00 00 00 72 65 21 32 28 00 00 00 FB A2 00 00 
2017/11/30 22:26 - 收到：18 00 00 02 12 00 A5 76 36 05 00 00 00 00 AA 5A 25 32 28 00 00 00 FF A3 00 00 
2017/11/30 22:26 - 收到：18 00 00 02 12 00 A5 76 36 05 00 00 00 00 B8 88 29 32 28 00 00 00 10 A5 00 00 
2017/11/30 22:26 - 收到：18 00 00 02 12 00 A5 76 36 05 00 00 00 00 E5 B0 2D 32 28 00 00 00 22 A6 00 00 
2017/11/30 22:26 - 客户端 127.0.0.1 :  断开
